2024.08.18 19:20:48 INFO  Started: Metals version 1.3.5 in folders '/home/hamna/BabyKyberAcceleratorCHISEL' for client Visual Studio Code 1.80.2.[0m
SLF4J(W): Class path contains multiple SLF4J providers.
SLF4J(W): Found provider [scribe.slf4j.ScribeServiceProvider@21f2ab30]
SLF4J(W): Found provider [ch.qos.logback.classic.spi.LogbackServiceProvider@ce69fb3]
SLF4J(W): See https://www.slf4j.org/codes.html#multiple_bindings for an explanation.
SLF4J(I): Actual provider is of type [scribe.slf4j.ScribeServiceProvider@21f2ab30]
2024.08.18 19:20:49 WARN  Flyway upgrade recommended: H2 2.3.230 is newer than this version of Flyway and support has not been tested. The latest supported version of H2 is 2.2.220.[0m
2024.08.18 19:20:51 INFO  no build target found for /home/hamna/BabyKyberAcceleratorCHISEL/src/main/scala/BabyKyber/BabyKyberTop.scala. Using presentation compiler with project's scala-library version: 3.3.3[0m
2024.08.18 19:21:36 WARN  no build target for: /home/hamna/BabyKyberAcceleratorCHISEL/project/plugins.sbt[0m
2024.08.18 19:21:36 INFO  no build target found for /home/hamna/BabyKyberAcceleratorCHISEL/project/plugins.sbt. Using presentation compiler with project's scala-library version: 3.3.3[0m
2024.08.18 19:21:39 WARN  no build target for: /home/hamna/BabyKyberAcceleratorCHISEL/build.sbt[0m
2024.08.18 19:21:39 INFO  no build target found for /home/hamna/BabyKyberAcceleratorCHISEL/build.sbt. Using presentation compiler with project's scala-library version: 3.3.3[0m
2024.08.18 19:21:41 INFO  no build target found for /home/hamna/BabyKyberAcceleratorCHISEL/src/main/scala/BabyKyber/BabyKyberTop.scala. Using presentation compiler with project's scala-library version: 3.3.3[0m
2024.08.18 19:21:41 INFO  no build target found for /home/hamna/BabyKyberAcceleratorCHISEL/src/main/scala/BabyKyber/BabyKyberTop.scala. Using presentation compiler with project's scala-library version: 3.3.3[0m
2024.08.18 19:21:45 INFO  Running List(/home/hamna/.local/share/coursier/bin/scala-cli, setup-ide, /home/hamna/BabyKyberAcceleratorCHISEL)[0m
2024.08.18 19:21:46 INFO  no build target found for /home/hamna/BabyKyberAcceleratorCHISEL/src/main/scala/BabyKyber/BabyKyberTop.scala. Using presentation compiler with project's scala-library version: 3.3.3[0m
2024.08.18 19:21:51 WARN  Build server is not auto-connectable.[0m
2024.08.18 19:21:51 INFO  no build target found for /home/hamna/BabyKyberAcceleratorCHISEL/src/main/scala/BabyKyber/BabyKyberTop.scala. Using presentation compiler with project's scala-library version: 3.3.3[0m
2024.08.18 19:25:53 INFO  no build target found for /home/hamna/BabyKyberAcceleratorCHISEL/src/main/scala/BabyKyber/BabyKyberTop.scala. Using presentation compiler with project's scala-library version: 3.3.3[0m
2024.08.18 19:25:57 INFO  no build target found for /home/hamna/BabyKyberAcceleratorCHISEL/src/main/scala/BabyKyber/BabyKyberTop.scala. Using presentation compiler with project's scala-library version: 3.3.3[0m
2024.08.18 19:25:57 INFO  no build target found for /home/hamna/BabyKyberAcceleratorCHISEL/src/main/scala/BabyKyber/BabyKyberTop.scala. Using presentation compiler with project's scala-library version: 3.3.3[0m
2024.08.18 19:25:58 INFO  no build target found for /home/hamna/BabyKyberAcceleratorCHISEL/src/main/scala/BabyKyber/BabyKyberTop.scala. Using presentation compiler with project's scala-library version: 3.3.3[0m
2024.08.18 19:25:58 INFO  no build target found for /home/hamna/BabyKyberAcceleratorCHISEL/src/main/scala/BabyKyber/BabyKyberTop.scala. Using presentation compiler with project's scala-library version: 3.3.3[0m
2024.08.18 19:26:03 INFO  no build target found for /home/hamna/BabyKyberAcceleratorCHISEL/src/main/scala/BabyKyber/BabyKyberTop.scala. Using presentation compiler with project's scala-library version: 3.3.3[0m
2024.08.18 19:26:45 WARN  no build target for: /home/hamna/BabyKyberAcceleratorCHISEL/build.sc[0m
2024.08.18 19:26:45 INFO  no build target found for /home/hamna/BabyKyberAcceleratorCHISEL/build.sc. Using presentation compiler with project's scala-library version: 3.3.3[0m
2024.08.18 19:26:47 INFO  Detected new build tool in /home/hamna/BabyKyberAcceleratorCHISEL[0m
2024.08.18 19:26:47 INFO  no build target found for /home/hamna/BabyKyberAcceleratorCHISEL/src/main/scala/BabyKyber/BabyKyberTop.scala. Using presentation compiler with project's scala-library version: 3.3.3[0m
